Build started 2014-04-16 01:00:25.
     1>Project "C:\Users\ares\Documents\Visual Studio 2010\Projects\glutSceneCamera\glutSceneCamera\glutSceneCamera.vcxproj" on node 2 (build target(s)).
     1>InitializeBuildStatus:
         Touching "Debug\glutScene.unsuccessfulbuild".
       ClCompile:
         C:\Program Files (x86)\Microsoft Visual Studio 10.0\VC\bin\CL.exe /c /ZI /nologo /W3 /WX- /Od /Oy- /D WIN32 /D _DEBUG /D _CONSOLE /D _UNICODE /D UNICODE /Gm /EHsc /RTC1 /MDd /GS /fp:precise /Zc:wchar_t /Zc:forScope /Fo"Debug\\" /Fd"Debug\vc100.pdb" /Gd /TP /analyze- /errorReport:prompt glutSceneMain.cpp
         glutSceneMain.cpp
       ManifestResourceCompile:
         All outputs are up-to-date.
       Link:
         C:\Program Files (x86)\Microsoft Visual Studio 10.0\VC\bin\link.exe /ERRORREPORT:PROMPT /OUT:"C:\Users\ares\Documents\Visual Studio 2010\Projects\glutSceneCamera\Debug\glutScene.exe" /INCREMENTAL /NOLOGO kernel32.lib user32.lib gdi32.lib winspool.lib comdlg32.lib advapi32.lib shell32.lib ole32.lib oleaut32.lib uuid.lib odbc32.lib odbccp32.lib /MANIFEST /ManifestFile:"Debug\glutScene.exe.intermediate.manifest" /MANIFESTUAC:"level='asInvoker' uiAccess='false'" /DEBUG /PDB:"C:\Users\ares\Documents\Visual Studio 2010\Projects\glutSceneCamera\Debug\glutScene.pdb" /SUBSYSTEM:CONSOLE /TLBID:1 /DYNAMICBASE /NXCOMPAT /IMPLIB:"C:\Users\ares\Documents\Visual Studio 2010\Projects\glutSceneCamera\Debug\glutScene.lib" /MACHINE:X86 Debug\glutScene.exe.embed.manifest.res
         Debug\glutSceneMain.obj
       Manifest:
         C:\Program Files (x86)\Microsoft SDKs\Windows\v7.0A\bin\mt.exe /nologo /verbose /out:"Debug\glutScene.exe.embed.manifest" /manifest Debug\glutScene.exe.intermediate.manifest
         All outputs are up-to-date.
       LinkEmbedManifest:
         All outputs are up-to-date.
         glutSceneCamera.vcxproj -> C:\Users\ares\Documents\Visual Studio 2010\Projects\glutSceneCamera\Debug\glutScene.exe
       FinalizeBuildStatus:
         Deleting file "Debug\glutScene.unsuccessfulbuild".
         Touching "Debug\glutScene.lastbuildstate".
     1>Done Building Project "C:\Users\ares\Documents\Visual Studio 2010\Projects\glutSceneCamera\glutSceneCamera\glutSceneCamera.vcxproj" (build target(s)).

Build succeeded.

Time Elapsed 00:00:00.88
